TN:
SF:src\controllers\auth\login.ts
FN:12,(anonymous_8)
FN:12,(anonymous_9)
FNF:2
FNH:2
FNDA:7,(anonymous_8)
FNDA:7,(anonymous_9)
DA:2,1
DA:3,1
DA:4,1
DA:5,1
DA:7,1
DA:8,1
DA:9,0
DA:12,7
DA:13,7
DA:14,7
DA:15,7
DA:18,7
DA:22,6
DA:23,2
DA:24,2
DA:27,4
DA:28,4
DA:31,4
DA:32,4
DA:33,1
DA:34,1
DA:35,1
DA:37,3
DA:40,3
DA:41,1
DA:42,1
DA:49,2
DA:50,2
DA:62,2
DA:64,2
DA:73,2
DA:74,2
DA:76,1
DA:77,1
DA:79,0
DA:80,0
DA:82,0
DA:83,0
DA:85,1
DA:86,1
DA:88,0
DA:89,0
DA:91,0
DA:92,0
DA:95,2
DA:97,2
DA:103,1
DA:104,1
DA:105,1
DA:106,1
DA:108,1
LF:51
LH:42
BRDA:8,0,0,0
BRDA:15,1,0,0
BRDA:15,1,1,7
BRDA:15,2,0,7
BRDA:15,2,1,7
BRDA:22,3,0,2
BRDA:32,4,0,1
BRDA:40,5,0,1
BRDA:40,6,0,3
BRDA:40,6,1,2
BRDA:74,7,0,1
BRDA:74,7,1,0
BRDA:74,7,2,0
BRDA:74,7,3,1
BRDA:74,7,4,0
BRDA:74,7,5,0
BRDA:105,8,0,1
BRF:17
BRH:11
end_of_record
TN:
SF:src\models\User.ts
FN:3,(anonymous_9)
FN:14,(anonymous_10)
FN:78,(anonymous_11)
FN:115,(anonymous_12)
FNF:4
FNH:2
FNDA:1,(anonymous_9)
FNDA:1,(anonymous_10)
FNDA:0,(anonymous_11)
FNDA:0,(anonymous_12)
DA:1,1
DA:3,1
DA:4,1
DA:5,1
DA:6,1
DA:7,1
DA:8,1
DA:9,1
DA:10,1
DA:11,1
DA:14,1
DA:15,1
DA:16,1
DA:17,1
DA:53,1
DA:79,0
DA:112,1
DA:115,1
DA:116,0
DA:117,0
DA:121,0
DA:123,0
DA:125,0
DA:128,1
LF:24
LH:18
BRDA:3,0,0,1
BRDA:3,0,1,1
BRDA:14,1,0,1
BRDA:14,1,1,1
BRDA:116,2,0,0
BRDA:116,2,1,0
BRDA:116,3,0,0
BRDA:116,3,1,0
BRDA:116,3,2,0
BRDA:121,4,0,0
BRDA:121,5,0,0
BRDA:121,5,1,0
BRDA:121,6,0,0
BRDA:121,6,1,0
BRDA:121,7,0,0
BRDA:121,7,1,0
BRDA:121,8,0,0
BRDA:121,8,1,0
BRF:18
BRH:4
end_of_record
